<?xml version="1.0" encoding="UTF-8"?>
<testng-results skipped="0" failed="0" ignored="0" total="2" passed="2">
  <reporter-output>
  </reporter-output>
  <suite name="Default Suite" duration-ms="50" started-at="2022-12-10T11:35:23 GMT" finished-at="2022-12-10T11:35:23 GMT">
    <groups>
    </groups>
    <test name="sample-maven-project" duration-ms="50" started-at="2022-12-10T11:35:23 GMT" finished-at="2022-12-10T11:35:23 GMT">
      <class name="com.nopcommerce.demo.testng.TestNGDemo">
        <test-method status="PASS" signature="beforeTest()[pri:0, instance:com.nopcommerce.demo.testng.TestNGDemo@4493d195]" name="beforeTest" is-config="true" duration-ms="11" started-at="2022-12-10T11:35:23 GMT" finished-at="2022-12-10T11:35:23 GMT">
          <reporter-output>
          </reporter-output>
        </test-method> <!-- beforeTest -->
        <test-method status="PASS" signature="beforeMethod()[pri:0, instance:com.nopcommerce.demo.testng.TestNGDemo@4493d195]" name="beforeMethod" is-config="true" duration-ms="1" started-at="2022-12-10T11:35:23 GMT" finished-at="2022-12-10T11:35:23 GMT">
          <reporter-output>
          </reporter-output>
        </test-method> <!-- beforeMethod -->
        <test-method status="PASS" signature="test1()[pri:0, instance:com.nopcommerce.demo.testng.TestNGDemo@4493d195]" name="test1" duration-ms="1" started-at="2022-12-10T11:35:23 GMT" finished-at="2022-12-10T11:35:23 GMT">
          <reporter-output>
          </reporter-output>
        </test-method> <!-- test1 -->
        <test-method status="PASS" signature="afterMethod()[pri:0, instance:com.nopcommerce.demo.testng.TestNGDemo@4493d195]" name="afterMethod" is-config="true" duration-ms="0" started-at="2022-12-10T11:35:23 GMT" finished-at="2022-12-10T11:35:23 GMT">
          <reporter-output>
          </reporter-output>
        </test-method> <!-- afterMethod -->
        <test-method status="PASS" signature="beforeMethod()[pri:0, instance:com.nopcommerce.demo.testng.TestNGDemo@4493d195]" name="beforeMethod" is-config="true" duration-ms="0" started-at="2022-12-10T11:35:23 GMT" finished-at="2022-12-10T11:35:23 GMT">
          <reporter-output>
          </reporter-output>
        </test-method> <!-- beforeMethod -->
        <test-method status="PASS" signature="afterMethod()[pri:0, instance:com.nopcommerce.demo.testng.TestNGDemo@4493d195]" name="afterMethod" is-config="true" duration-ms="0" started-at="2022-12-10T11:35:23 GMT" finished-at="2022-12-10T11:35:23 GMT">
          <reporter-output>
          </reporter-output>
        </test-method> <!-- afterMethod -->
        <test-method status="PASS" signature="test2()[pri:0, instance:com.nopcommerce.demo.testng.TestNGDemo@4493d195]" name="test2" duration-ms="0" started-at="2022-12-10T11:35:23 GMT" finished-at="2022-12-10T11:35:23 GMT">
          <reporter-output>
          </reporter-output>
        </test-method> <!-- test2 -->
        <test-method status="PASS" signature="afterTest()[pri:0, instance:com.nopcommerce.demo.testng.TestNGDemo@4493d195]" name="afterTest" is-config="true" duration-ms="1" started-at="2022-12-10T11:35:23 GMT" finished-at="2022-12-10T11:35:23 GMT">
          <reporter-output>
          </reporter-output>
        </test-method> <!-- afterTest -->
      </class> <!-- com.nopcommerce.demo.testng.TestNGDemo -->
    </test> <!-- sample-maven-project -->
  </suite> <!-- Default Suite -->
</testng-results>
